s2025-03-11 13:32:27 - INFO - Starting FastAPI server...
2025-03-11 13:32:27 - INFO - Initializing FinBERT model...
2025-03-11 13:32:36 - INFO - FinBERT model loaded successfully.
2025-03-11 13:33:10 - INFO - Received prediction request: STOCKS going Up, AWESOME!...
2025-03-11 13:33:10 - INFO - Cleaning text: STOCKS going Up, AWESOME!..
2025-03-11 13:33:10 - INFO - Cleaned text: stocks going up awesome..
2025-03-11 13:33:10 - INFO - Predicting sentiment for the text stocks going up awesome...
2025-03-11 13:33:12 - INFO - Prediction: positive (Confidence: 0.5287)
2025-03-11 13:33:12 - INFO - Prediction successful: positive with confidence 0.5287
2025-03-11 13:34:02 - INFO - Starting FastAPI server...
2025-03-11 13:34:02 - INFO - Initializing FinBERT model...
2025-03-11 13:34:08 - INFO - FinBERT model loaded successfully.
2025-03-11 13:34:35 - INFO - Received prediction request: STOCKS going Up, AWESOME!...
2025-03-11 13:34:35 - INFO - Cleaning text: STOCKS going Up, AWESOME!..
2025-03-11 13:34:35 - INFO - Cleaned text: stocks going up awesome..
2025-03-11 13:34:35 - INFO - Predicting sentiment for the text stocks going up awesome...
2025-03-11 13:34:37 - INFO - Prediction: positive (Confidence: 0.5287)
2025-03-11 13:34:37 - INFO - Prediction successful: positive with confidence 0.5287
2025-03-11 13:35:13 - INFO - Starting FastAPI server...
2025-03-11 13:35:13 - INFO - Initializing FinBERT model...
2025-03-11 13:35:22 - INFO - FinBERT model loaded successfully.
2025-03-11 13:35:22 - INFO - Received prediction request: STOCKS going Up, AWESOME!...
2025-03-11 13:35:22 - INFO - Cleaning text: STOCKS going Up, AWESOME!..
2025-03-11 13:35:22 - INFO - Cleaned text: stocks going up awesome..
2025-03-11 13:35:22 - INFO - Predicting sentiment for the text stocks going up awesome...
2025-03-11 13:35:23 - INFO - Prediction: positive (Confidence: 0.5287)
2025-03-11 13:35:23 - INFO - Prediction successful: positive with confidence 0.5287
2025-03-11 13:41:59 - INFO - Starting FastAPI server...
2025-03-11 13:41:59 - INFO - Initializing FinBERT model...
2025-03-11 13:42:04 - INFO - FinBERT model loaded successfully.
2025-03-11 13:42:34 - INFO - Received prediction request: string...
2025-03-11 13:42:34 - INFO - Cleaning text: string..
2025-03-11 13:42:34 - INFO - Cleaned text: string..
2025-03-11 13:42:34 - INFO - Predicting sentiment for the text string...
2025-03-11 13:42:36 - INFO - Prediction: neutral (Confidence: 0.8669)
2025-03-11 13:42:36 - INFO - Prediction successful: neutral with confidence 0.8669
2025-03-11 13:42:36 - INFO - Calculating compound score for the text..
2025-03-11 13:42:36 - INFO - Compound score is: 0.007510018557689674
2025-03-11 13:42:36 - INFO - Calculating rank score for the text..
2025-03-11 13:49:32 - INFO - Starting FastAPI server...
2025-03-11 13:49:32 - INFO - Initializing FinBERT model...
2025-03-11 13:49:35 - INFO - FinBERT model loaded successfully.
2025-03-11 13:49:35 - INFO - Received prediction request: string...
2025-03-11 13:49:35 - INFO - Cleaning text: string..
2025-03-11 13:49:35 - INFO - Cleaned text: string..
2025-03-11 13:49:35 - INFO - Predicting sentiment for the text string...
2025-03-11 13:49:37 - INFO - Prediction: neutral (Confidence: 0.8669)
2025-03-11 13:49:37 - INFO - Prediction successful: neutral with confidence 0.8669
2025-03-11 13:49:37 - INFO - Calculating compound score for the text..
2025-03-11 13:49:37 - INFO - Compound score is: 0.007510018557689674
2025-03-11 13:49:37 - INFO - Calculating rank score for the text..
2025-03-11 13:50:24 - INFO - Starting FastAPI server...
2025-03-11 13:50:24 - INFO - Initializing FinBERT model...
2025-03-11 13:50:30 - INFO - FinBERT model loaded successfully.
2025-03-11 13:50:31 - INFO - Received prediction request: string...
2025-03-11 13:50:31 - INFO - Cleaning text: string..
2025-03-11 13:50:31 - INFO - Cleaned text: string..
2025-03-11 13:50:31 - INFO - Predicting sentiment for the text string...
2025-03-11 13:50:34 - INFO - Prediction: neutral (Confidence: 0.8669)
2025-03-11 13:50:34 - INFO - Prediction successful: neutral with confidence 0.8669
2025-03-11 13:50:34 - INFO - Calculating compound score for the text..
2025-03-11 13:50:34 - INFO - Compound score is: 0.007510018557689674
2025-03-11 13:50:34 - INFO - Calculating rank score for the text..
2025-03-11 13:52:19 - INFO - Starting FastAPI server...
2025-03-11 13:52:19 - INFO - Initializing FinBERT model...
2025-03-11 13:52:25 - INFO - FinBERT model loaded successfully.
2025-03-11 13:52:25 - INFO - Received prediction request: string...
2025-03-11 13:52:25 - INFO - Cleaning text: string..
2025-03-11 13:52:25 - INFO - Cleaned text: string..
2025-03-11 13:52:25 - INFO - Predicting sentiment for the text string...
2025-03-11 13:52:27 - INFO - Prediction: neutral (Confidence: 0.8669)
2025-03-11 13:52:27 - INFO - Prediction successful: neutral with confidence 0.8669
2025-03-11 13:52:27 - INFO - Calculating compound score for the text..
2025-03-11 13:52:27 - INFO - Compound score is: 0.007510018557689674
2025-03-11 13:52:27 - INFO - Calculating rank score for the text..
2025-03-11 13:55:42 - INFO - Starting FastAPI server...
2025-03-11 13:55:42 - INFO - Initializing FinBERT model...
2025-03-11 13:55:47 - INFO - FinBERT model loaded successfully.
2025-03-11 13:56:00 - INFO - Starting FastAPI server...
2025-03-11 13:56:00 - INFO - Initializing FinBERT model...
2025-03-11 13:56:05 - INFO - FinBERT model loaded successfully.
2025-03-11 13:56:16 - INFO - Starting FastAPI server...
2025-03-11 13:56:16 - INFO - Initializing FinBERT model...
2025-03-11 13:56:23 - INFO - FinBERT model loaded successfully.
2025-03-11 13:56:28 - INFO - Received prediction request: string...
2025-03-11 13:56:28 - INFO - Cleaning text: string..
2025-03-11 13:56:28 - INFO - Cleaned text: string..
2025-03-11 13:56:28 - INFO - Predicting sentiment for the text string...
2025-03-11 13:56:30 - INFO - Prediction: neutral (Confidence: 0.8669)
2025-03-11 13:56:30 - INFO - Prediction successful: neutral with confidence 0.8669
2025-03-11 13:56:30 - INFO - Calculating compound score for the text..
2025-03-11 13:56:30 - INFO - Compound score is: 0.007510018557689674
2025-03-11 13:56:30 - INFO - Calculating rank score for the text..
2025-03-11 13:58:13 - INFO - Starting FastAPI server...
2025-03-11 13:58:13 - INFO - Initializing FinBERT model...
2025-03-11 13:58:22 - INFO - FinBERT model loaded successfully.
2025-03-11 13:58:22 - INFO - Received prediction request: string...
2025-03-11 13:58:22 - INFO - Cleaning text: string..
2025-03-11 13:58:22 - INFO - Cleaned text: string..
2025-03-11 13:58:22 - INFO - Predicting sentiment for the text string...
2025-03-11 13:58:24 - INFO - Prediction: neutral (Confidence: 0.8669)
2025-03-11 13:58:24 - INFO - Prediction successful: neutral with confidence 0.8669
2025-03-11 13:58:24 - INFO - Calculating compound score for the text..
2025-03-11 13:58:24 - INFO - Compound score is: 0.007510018557689674
2025-03-11 13:58:24 - INFO - Calculating rank score for the text..
2025-03-11 13:58:49 - INFO - Starting FastAPI server...
2025-03-11 13:58:49 - INFO - Initializing FinBERT model...
2025-03-11 13:58:54 - INFO - FinBERT model loaded successfully.
2025-03-11 13:59:04 - INFO - Starting FastAPI server...
2025-03-11 13:59:04 - INFO - Initializing FinBERT model...
2025-03-11 13:59:08 - INFO - FinBERT model loaded successfully.
2025-03-11 13:59:20 - INFO - Starting FastAPI server...
2025-03-11 13:59:20 - INFO - Initializing FinBERT model...
2025-03-11 13:59:24 - INFO - FinBERT model loaded successfully.
2025-03-11 13:59:36 - INFO - Received prediction request: string...
2025-03-11 13:59:36 - INFO - Cleaning text: string..
2025-03-11 13:59:36 - INFO - Cleaned text: string..
2025-03-11 13:59:36 - INFO - Predicting sentiment for the text string...
2025-03-11 13:59:38 - INFO - Prediction: neutral (Confidence: 0.8669)
2025-03-11 13:59:38 - INFO - Prediction successful: neutral with confidence 0.8669
2025-03-11 14:00:39 - INFO - Starting FastAPI server...
2025-03-11 14:00:39 - INFO - Initializing FinBERT model...
2025-03-11 14:00:44 - INFO - FinBERT model loaded successfully.
2025-03-11 14:01:26 - INFO - Starting FastAPI server...
2025-03-11 14:01:26 - INFO - Initializing FinBERT model...
2025-03-11 14:01:32 - INFO - FinBERT model loaded successfully.
2025-03-11 14:05:20 - INFO - Starting FastAPI server...
2025-03-11 14:05:20 - INFO - Initializing FinBERT model...
2025-03-11 14:05:25 - INFO - FinBERT model loaded successfully.
2025-03-11 14:05:34 - INFO - Starting FastAPI server...
2025-03-11 14:05:34 - INFO - Initializing FinBERT model...
2025-03-11 14:05:38 - INFO - FinBERT model loaded successfully.
2025-03-11 14:05:49 - INFO - Starting FastAPI server...
2025-03-11 14:05:49 - INFO - Initializing FinBERT model...
2025-03-11 14:05:54 - INFO - FinBERT model loaded successfully.
2025-03-11 14:06:20 - INFO - Received prediction request: This services are AWESOME!...
2025-03-11 14:06:20 - INFO - Cleaning text: This services are AWESOME!..
2025-03-11 14:06:20 - INFO - Cleaned text: this services are awesome..
2025-03-11 14:06:20 - INFO - Predicting sentiment for the text this services are awesome...
2025-03-11 14:06:22 - INFO - Prediction: neutral (Confidence: 0.9194)
2025-03-11 14:06:22 - INFO - Calculating compound score for the text..
2025-03-11 14:06:22 - INFO - Compound score is: 0.012223541747986844
2025-03-11 14:06:22 - INFO - Calculating rank score for the text..
2025-03-11 14:06:22 - INFO - Prediction successful: neutral with confidence 0.9194
2025-03-11 14:09:27 - INFO - Starting FastAPI server...
2025-03-11 14:09:27 - INFO - Initializing FinBERT model...
2025-03-11 14:09:31 - INFO - FinBERT model loaded successfully.
2025-03-11 14:09:53 - INFO - Starting FastAPI server...
2025-03-11 14:09:53 - INFO - Initializing FinBERT model...
2025-03-11 14:09:58 - INFO - FinBERT model loaded successfully.
2025-03-11 14:10:18 - INFO - Received prediction request: This services are awesome!...
2025-03-11 14:10:18 - INFO - Cleaning text: This services are awesome!..
2025-03-11 14:10:18 - INFO - Cleaned text: this services are awesome..
2025-03-11 14:10:18 - INFO - Predicting sentiment for the text this services are awesome...
2025-03-11 14:10:20 - INFO - Prediction: neutral (Confidence: 0.9194)
2025-03-11 14:10:20 - INFO - Calculating compound score for the text..
2025-03-11 14:10:20 - INFO - Compound score is: 0.012223541747986844
2025-03-11 14:10:20 - INFO - Calculating rank score for the text..
2025-03-11 14:10:20 - INFO - Prediction successful: neutral with confidence 0.9194
2025-03-11 14:11:06 - INFO - Starting FastAPI server...
2025-03-11 14:11:06 - INFO - Initializing FinBERT model...
2025-03-11 14:11:15 - INFO - FinBERT model loaded successfully.
2025-03-11 14:11:26 - INFO - Starting FastAPI server...
2025-03-11 14:11:26 - INFO - Initializing FinBERT model...
2025-03-11 14:11:32 - INFO - FinBERT model loaded successfully.
2025-03-11 14:11:32 - INFO - Received prediction request: This services are awesome!...
2025-03-11 14:11:32 - INFO - Cleaning text: This services are awesome!..
2025-03-11 14:11:32 - INFO - Cleaned text: this services are awesome..
2025-03-11 14:11:32 - INFO - Predicting sentiment for the text this services are awesome...
2025-03-11 14:11:34 - INFO - Prediction: neutral (Confidence: 0.9194)
2025-03-11 14:11:34 - INFO - Calculating compound score for the text..
2025-03-11 14:11:34 - INFO - Compound score is: 0.012223541747986844
2025-03-11 14:11:34 - INFO - Calculating rank score for the text..
2025-03-11 14:11:34 - INFO - Prediction successful: neutral with confidence 0.9194
2025-03-11 14:12:10 - INFO - Starting FastAPI server...
2025-03-11 14:12:10 - INFO - Initializing FinBERT model...
2025-03-11 14:12:16 - INFO - FinBERT model loaded successfully.
2025-03-11 14:14:01 - INFO - Starting FastAPI server...
2025-03-11 14:14:01 - INFO - Initializing FinBERT model...
2025-03-11 14:14:05 - INFO - FinBERT model loaded successfully.
2025-03-11 14:14:25 - INFO - Received prediction request: This is awsesome...
2025-03-11 14:14:25 - INFO - Cleaning text: This is awsesome..
2025-03-11 14:14:25 - INFO - Cleaned text: this is awsesome..
2025-03-11 14:14:25 - INFO - Predicting sentiment for the text this is awsesome...
2025-03-11 14:14:27 - INFO - Prediction: neutral (Confidence: 0.9220)
2025-03-11 14:14:27 - INFO - Calculating compound score for the text..
2025-03-11 14:14:27 - INFO - Compound score is: -0.00307087321620891
2025-03-11 14:14:27 - INFO - Calculating rank score for the text..
2025-03-11 14:14:27 - INFO - Prediction successful: neutral with confidence 0.9220
2025-03-11 14:14:33 - INFO - Received prediction request: This is bad...
2025-03-11 14:14:33 - INFO - Cleaning text: This is bad..
2025-03-11 14:14:33 - INFO - Cleaned text: this is bad..
2025-03-11 14:14:33 - INFO - Predicting sentiment for the text this is bad...
2025-03-11 14:14:33 - INFO - Prediction: neutral (Confidence: 0.8247)
2025-03-11 14:14:33 - INFO - Calculating compound score for the text..
2025-03-11 14:14:33 - INFO - Compound score is: -0.01978505500081589
2025-03-11 14:14:33 - INFO - Calculating rank score for the text..
2025-03-11 14:14:33 - INFO - Prediction successful: neutral with confidence 0.8247
2025-03-11 14:14:38 - INFO - Received prediction request: This is good...
2025-03-11 14:14:38 - INFO - Cleaning text: This is good..
2025-03-11 14:14:38 - INFO - Cleaned text: this is good..
2025-03-11 14:14:38 - INFO - Predicting sentiment for the text this is good...
2025-03-11 14:14:38 - INFO - Prediction: neutral (Confidence: 0.8848)
2025-03-11 14:14:38 - INFO - Calculating compound score for the text..
2025-03-11 14:14:38 - INFO - Compound score is: 0.011880381082614617
2025-03-11 14:14:38 - INFO - Calculating rank score for the text..
2025-03-11 14:14:38 - INFO - Prediction successful: neutral with confidence 0.8848
2025-03-11 14:14:40 - INFO - Received prediction request: This is wwww...
2025-03-11 14:14:40 - INFO - Cleaning text: This is wwww..
2025-03-11 14:14:40 - INFO - Cleaned text: this is ..
2025-03-11 14:14:40 - INFO - Predicting sentiment for the text this is ...
2025-03-11 14:14:40 - INFO - Prediction: neutral (Confidence: 0.9121)
2025-03-11 14:14:40 - INFO - Calculating compound score for the text..
2025-03-11 14:14:40 - INFO - Compound score is: -0.0006663138039103781
2025-03-11 14:14:40 - INFO - Calculating rank score for the text..
2025-03-11 14:14:40 - INFO - Prediction successful: neutral with confidence 0.9121
2025-03-11 14:14:44 - INFO - Received prediction request: This is ww!w...
2025-03-11 14:14:44 - INFO - Cleaning text: This is ww!w..
2025-03-11 14:14:44 - INFO - Cleaned text: this is www..
2025-03-11 14:14:44 - INFO - Predicting sentiment for the text this is www...
2025-03-11 14:14:45 - INFO - Prediction: neutral (Confidence: 0.9165)
2025-03-11 14:14:45 - INFO - Calculating compound score for the text..
2025-03-11 14:14:45 - INFO - Compound score is: -0.0036539137244329806
2025-03-11 14:14:45 - INFO - Calculating rank score for the text..
2025-03-11 14:14:45 - INFO - Prediction successful: neutral with confidence 0.9165
